Using pre-set license
Built from '2022.3/staging' branch; Version is '2022.3.10f1 (ff3792e53c62) revision 16725906'; Using compiler version '192829333'; Build Type 'Release'
OS: 'Windows 11  (10.0.22621) 64bit Core' Language: 'en' Physical Memory: 16230 MB
BatchMode: 1, IsHumanControllingUs: 0, StartBugReporterOnCrash: 0, Is64bit: 1, IsPro: 1

COMMAND LINE ARGUMENTS:
D:\Program Files\Unity\Hub\Editor\2022.3.10f1\Editor\Unity.exe
-adb2
-batchMode
-noUpm
-name
AssetImportWorker5
-projectPath
D:/NYP/IWP/Temporal Shift
-logFile
Logs/AssetImportWorker5.log
-srvPort
53730
Successfully changed project path to: D:/NYP/IWP/Temporal Shift
D:/NYP/IWP/Temporal Shift
[UnityMemory] Configuration Parameters - Can be set up in boot.config
    "memorysetup-bucket-allocator-granularity=16"
    "memorysetup-bucket-allocator-bucket-count=8"
    "memorysetup-bucket-allocator-block-size=33554432"
    "memorysetup-bucket-allocator-block-count=8"
    "memorysetup-main-allocator-block-size=16777216"
    "memorysetup-thread-allocator-block-size=16777216"
    "memorysetup-gfx-main-allocator-block-size=16777216"
    "memorysetup-gfx-thread-allocator-block-size=16777216"
    "memorysetup-cache-allocator-block-size=4194304"
    "memorysetup-typetree-allocator-block-size=2097152"
    "memorysetup-profiler-bucket-allocator-granularity=16"
    "memorysetup-profiler-bucket-allocator-bucket-count=8"
    "memorysetup-profiler-bucket-allocator-block-size=33554432"
    "memorysetup-profiler-bucket-allocator-block-count=8"
    "memorysetup-profiler-allocator-block-size=16777216"
    "memorysetup-profiler-editor-allocator-block-size=1048576"
    "memorysetup-temp-allocator-size-main=16777216"
    "memorysetup-job-temp-allocator-block-size=2097152"
    "memorysetup-job-temp-allocator-block-size-background=1048576"
    "memorysetup-job-temp-allocator-reduction-small-platforms=262144"
    "memorysetup-allocator-temp-initial-block-size-main=262144"
    "memorysetup-allocator-temp-initial-block-size-worker=262144"
    "memorysetup-temp-allocator-size-background-worker=32768"
    "memorysetup-temp-allocator-size-job-worker=262144"
    "memorysetup-temp-allocator-size-preload-manager=33554432"
    "memorysetup-temp-allocator-size-nav-mesh-worker=65536"
    "memorysetup-temp-allocator-size-audio-worker=65536"
    "memorysetup-temp-allocator-size-cloud-worker=32768"
    "memorysetup-temp-allocator-size-gi-baking-worker=262144"
    "memorysetup-temp-allocator-size-gfx=262144"
Player connection [5948] Host "[IP] 192.168.50.60 [Port] 0 [Flags] 2 [Guid] 2534982346 [EditorId] 2534982346 [Version] 1048832 [Id] WindowsEditor(7,DESKTOP-GG97DJ5) [Debug] 1 [PackageName] WindowsEditor [ProjectName] Editor" joined multi-casting on [225.0.0.222:54997]...

Player connection [5948] Host "[IP] 192.168.50.60 [Port] 0 [Flags] 2 [Guid] 2534982346 [EditorId] 2534982346 [Version] 1048832 [Id] WindowsEditor(7,DESKTOP-GG97DJ5) [Debug] 1 [PackageName] WindowsEditor [ProjectName] Editor" joined alternative multi-casting on [225.0.0.222:34997]...

[Physics::Module] Initialized MultithreadedJobDispatcher with 11 workers.
Refreshing native plugins compatible for Editor in 13.01 ms, found 3 plugins.
Preloading 0 native plugins for Editor in 0.00 ms.
Initialize engine version: 2022.3.10f1 (ff3792e53c62)
[Subsystems] Discovering subsystems at path D:/Program Files/Unity/Hub/Editor/2022.3.10f1/Editor/Data/Resources/UnitySubsystems
[Subsystems] Discovering subsystems at path D:/NYP/IWP/Temporal Shift/Assets
GfxDevice: creating device client; threaded=0; jobified=0
Direct3D:
    Version:  Direct3D 11.0 [level 11.1]
    Renderer: NVIDIA GeForce GTX 1050 Ti (ID=0x1c8c)
    Vendor:   NVIDIA
    VRAM:     4017 MB
    Driver:   31.0.15.3758
Initialize mono
Mono path[0] = 'D:/Program Files/Unity/Hub/Editor/2022.3.10f1/Editor/Data/Managed'
Mono path[1] = 'D:/Program Files/Unity/Hub/Editor/2022.3.10f1/Editor/Data/MonoBleedingEdge/lib/mono/unityjit-win32'
Mono config path = 'D:/Program Files/Unity/Hub/Editor/2022.3.10f1/Editor/Data/MonoBleedingEdge/etc'
Using monoOptions --debugger-agent=transport=dt_socket,embedding=1,server=y,suspend=n,address=127.0.0.1:56972
Begin MonoManager ReloadAssembly
Registering precompiled unity dll's ...
Register platform support module: D:/Program Files/Unity/Hub/Editor/2022.3.10f1/Editor/Data/PlaybackEngines/WebGLSupport/UnityEditor.WebGL.Extensions.dll
Register platform support module: D:/Program Files/Unity/Hub/Editor/2022.3.10f1/Editor/Data/PlaybackEngines/WindowsStandaloneSupport/UnityEditor.WindowsStandalone.Extensions.dll
Register platform support module: D:/Program Files/Unity/Hub/Editor/2022.3.10f1/Editor/Data/PlaybackEngines/LinuxStandaloneSupport/UnityEditor.LinuxStandalone.Extensions.dll
Registered in 0.005648 seconds.
- Loaded All Assemblies, in  0.436 seconds
Native extension for LinuxStandalone target not found
Native extension for WindowsStandalone target not found
Native extension for WebGL target not found
Mono: successfully reloaded assembly
- Finished resetting the current domain, in  0.274 seconds
Domain Reload Profiling: 709ms
	BeginReloadAssembly (138ms)
		ExecutionOrderSort (0ms)
		DisableScriptedObjects (0ms)
		BackupInstance (0ms)
		ReleaseScriptingObjects (0ms)
		CreateAndSetChildDomain (1ms)
	RebuildCommonClasses (40ms)
	RebuildNativeTypeToScriptingClass (12ms)
	initialDomainReloadingComplete (57ms)
	LoadAllAssembliesAndSetupDomain (189ms)
		LoadAssemblies (139ms)
		RebuildTransferFunctionScriptingTraits (0ms)
		AnalyzeDomain (186ms)
			TypeCache.Refresh (185ms)
				TypeCache.ScanAssembly (168ms)
			ScanForSourceGeneratedMonoScriptInfo (0ms)
			ResolveRequiredComponents (0ms)
	FinalizeReload (274ms)
		ReleaseScriptCaches (0ms)
		RebuildScriptCaches (0ms)
		SetupLoadedEditorAssemblies (214ms)
			LogAssemblyErrors (0ms)
			InitializePlatformSupportModulesInManaged (12ms)
			SetLoadedEditorAssemblies (5ms)
			RefreshPlugins (0ms)
			BeforeProcessingInitializeOnLoad (2ms)
			ProcessInitializeOnLoadAttributes (146ms)
			ProcessInitializeOnLoadMethodAttributes (49ms)
			AfterProcessingInitializeOnLoad (0ms)
			EditorAssembliesLoaded (0ms)
		ExecutionOrderSort2 (0ms)
		AwakeInstancesAfterBackupRestoration (0ms)
========================================================================
Worker process is ready to serve import requests
Begin MonoManager ReloadAssembly
- Loaded All Assemblies, in  0.721 seconds
Refreshing native plugins compatible for Editor in 2.37 ms, found 3 plugins.
Native extension for LinuxStandalone target not found
Native extension for WindowsStandalone target not found
Native extension for WebGL target not found
Package Manager log level set to [2]
[Package Manager] Server::EnsureServerProcessIsRunning -- launch failed, reason: Unity was launched with the -noUpm command-line argument
[Package Manager] UpmClient::Send -- Unable to send message (not connected to UPM process).
[Package Manager] Cannot connect to Unity Package Manager local server
Mono: successfully reloaded assembly
- Finished resetting the current domain, in  0.977 seconds
Domain Reload Profiling: 1698ms
	BeginReloadAssembly (165ms)
		ExecutionOrderSort (0ms)
		DisableScriptedObjects (5ms)
		BackupInstance (0ms)
		ReleaseScriptingObjects (0ms)
		CreateAndSetChildDomain (23ms)
	RebuildCommonClasses (36ms)
	RebuildNativeTypeToScriptingClass (12ms)
	initialDomainReloadingComplete (40ms)
	LoadAllAssembliesAndSetupDomain (466ms)
		LoadAssemblies (320ms)
		RebuildTransferFunctionScriptingTraits (0ms)
		AnalyzeDomain (249ms)
			TypeCache.Refresh (208ms)
				TypeCache.ScanAssembly (189ms)
			ScanForSourceGeneratedMonoScriptInfo (28ms)
			ResolveRequiredComponents (12ms)
	FinalizeReload (978ms)
		ReleaseScriptCaches (0ms)
		RebuildScriptCaches (0ms)
		SetupLoadedEditorAssemblies (722ms)
			LogAssemblyErrors (0ms)
			InitializePlatformSupportModulesInManaged (10ms)
			SetLoadedEditorAssemblies (3ms)
			RefreshPlugins (0ms)
			BeforeProcessingInitializeOnLoad (74ms)
			ProcessInitializeOnLoadAttributes (544ms)
			ProcessInitializeOnLoadMethodAttributes (88ms)
			AfterProcessingInitializeOnLoad (3ms)
			EditorAssembliesLoaded (0ms)
		ExecutionOrderSort2 (0ms)
		AwakeInstancesAfterBackupRestoration (8ms)
Launched and connected shader compiler UnityShaderCompiler.exe after 0.09 seconds
Refreshing native plugins compatible for Editor in 2.69 ms, found 3 plugins.
Preloading 0 native plugins for Editor in 0.00 ms.
Unloading 5529 Unused Serialized files (Serialized files now loaded: 0)
Unloading 108 unused Assets / (2.5 MB). Loaded Objects now: 5983.
Memory consumption went from 218.7 MB to 216.2 MB.
Total: 6.030000 ms (FindLiveObjects: 0.457500 ms CreateObjectMapping: 0.449100 ms MarkObjects: 3.493000 ms  DeleteObjects: 1.629200 ms)

AssetImportParameters requested are different than current active one (requested -> active):
  custom:container-demuxer-ogg: 62fdf1f143b41e24485cea50d1cbac27 -> 
  custom:video-decoder-ogg-theora: a1e56fd34408186e4bbccfd4996cb3dc -> 
  custom:framework-win-MediaFoundation: 216162199b28c13a410421893ffa2e32 -> 
  custom:CustomObjectIndexerAttribute: a3ef5dd2817f97addfee359851a9dba5 -> 
  custom:container-demuxer-webm: 4f35f7cbe854078d1ac9338744f61a02 -> 
  custom:container-muxer-webm: aa71ff27fc2769a1b78a27578f13a17b -> 
  custom:video-decoder-webm-vp8: 9c59270c3fd7afecdb556c50c9e8de78 -> 
  custom:SearchIndexIgnoredProperties: e643bd26f0fe6173181afceb89e7c659 -> 
  custom:AudioImporter_EditorPlatform: d09bf68614088b80899f8185d706f6e7 -> 
  custom:video-encoder-webm-vp8: eb34c28f22e8b96e1ab97ce403110664 -> 
  custom:audio-decoder-ogg-vorbis: bf7c407c2cedff20999df2af8eb42d56 -> 
  custom:scripting/monoscript/fileName/LightFlicker.cs: 4a2c69873a06b0d5b0b3d5640e1e7b49 -> 10986106b750453c905cb11118ec8f88
  custom:audio-encoder-webm-vorbis: bf7c407c2cedff20999df2af8eb42d56 -> 
  custom:scripting/monoscript/fileName/PlayRandomSound.cs: 628202655b40b03ab364d3e40d80822d -> 29a7bd3cdf0927d222f2cd2ff80b15bf
========================================================================
Received Import Request.
  Time since last request: 57374.650252 seconds.
  path: Assets/DownloadedAssets/SciFi Warehouse Kit/Art/Materials/Pallet Mat.mat
  artifactKey: Guid(e2f46f807b3b19a4491e113702211cde) Importer(815301076,1909f56bfc062723c751e8b465ee728b)
Start importing Assets/DownloadedAssets/SciFi Warehouse Kit/Art/Materials/Pallet Mat.mat using Guid(e2f46f807b3b19a4491e113702211cde) Importer(815301076,1909f56bfc062723c751e8b465ee728b)  -> (artifact id: 'a8834e792de325286fa50db5b0453b08') in 0.415119 seconds
Number of updated asset objects reloaded before import = 0
Number of asset objects unloaded after import = 4
========================================================================
Received Import Request.
  Time since last request: 52.341405 seconds.
  path: Assets/DownloadedAssets/SKY city lite/Props/AD_C.FBX
  artifactKey: Guid(46c96704ff1f64b43b27aab53627107b) Importer(815301076,1909f56bfc062723c751e8b465ee728b)
Start importing Assets/DownloadedAssets/SKY city lite/Props/AD_C.FBX using Guid(46c96704ff1f64b43b27aab53627107b) Importer(815301076,1909f56bfc062723c751e8b465ee728b)  -> (artifact id: '979933da1ce4f1f427e3a0acba5f32cd') in 0.380090 seconds
Number of updated asset objects reloaded before import = 0
Number of asset objects unloaded after import = 16
========================================================================
Received Import Request.
  Time since last request: 0.000031 seconds.
  path: Assets/DownloadedAssets/SKY city lite/Props/Wire_b.FBX
  artifactKey: Guid(f82ffc296a05ad4448ebce37e898ba24) Importer(815301076,1909f56bfc062723c751e8b465ee728b)
Start importing Assets/DownloadedAssets/SKY city lite/Props/Wire_b.FBX using Guid(f82ffc296a05ad4448ebce37e898ba24) Importer(815301076,1909f56bfc062723c751e8b465ee728b)  -> (artifact id: '94a9a04f8c248b81ff5ada29eb26b5a8') in 0.032692 seconds
Number of updated asset objects reloaded before import = 0
Number of asset objects unloaded after import = 13
========================================================================
Received Import Request.
  Time since last request: 0.000026 seconds.
  path: Assets/DownloadedAssets/SKY city lite/Props/Wire.FBX
  artifactKey: Guid(6b0778fb342ae1648b16077795c77c73) Importer(815301076,1909f56bfc062723c751e8b465ee728b)
Start importing Assets/DownloadedAssets/SKY city lite/Props/Wire.FBX using Guid(6b0778fb342ae1648b16077795c77c73) Importer(815301076,1909f56bfc062723c751e8b465ee728b)  -> (artifact id: 'abcb7610856bf5c7e27fef9b5568bb20') in 0.040380 seconds
Number of updated asset objects reloaded before import = 0
Number of asset objects unloaded after import = 13
========================================================================
Received Import Request.
  Time since last request: 0.000023 seconds.
  path: Assets/DownloadedAssets/SKY city lite/Props/Bench.FBX
  artifactKey: Guid(de2ad1c779f548f4f8c16176122ea7db) Importer(815301076,1909f56bfc062723c751e8b465ee728b)
Start importing Assets/DownloadedAssets/SKY city lite/Props/Bench.FBX using Guid(de2ad1c779f548f4f8c16176122ea7db) Importer(815301076,1909f56bfc062723c751e8b465ee728b)  -> (artifact id: '8b3dc6b327e967db8fb49e4331989208') in 0.042920 seconds
Number of updated asset objects reloaded before import = 0
Number of asset objects unloaded after import = 14
========================================================================
Received Import Request.
  Time since last request: 0.000018 seconds.
  path: Assets/DownloadedAssets/SKY city lite/Props/lampost_lod2.FBX
  artifactKey: Guid(e5ef7b620532c01439b6fab5ab7e124c) Importer(815301076,1909f56bfc062723c751e8b465ee728b)
Start importing Assets/DownloadedAssets/SKY city lite/Props/lampost_lod2.FBX using Guid(e5ef7b620532c01439b6fab5ab7e124c) Importer(815301076,1909f56bfc062723c751e8b465ee728b)  -> (artifact id: 'f2ff3c12d85215d17f68ba7fe37700c7') in 0.052469 seconds
Number of updated asset objects reloaded before import = 0
Number of asset objects unloaded after import = 13
========================================================================
Received Import Request.
  Time since last request: 0.000028 seconds.
  path: Assets/DownloadedAssets/SKY city lite/Props/grass_round_planter.FBX
  artifactKey: Guid(a4104fd380bfbb741a8e7ac5d340becc) Importer(815301076,1909f56bfc062723c751e8b465ee728b)
Start importing Assets/DownloadedAssets/SKY city lite/Props/grass_round_planter.FBX using Guid(a4104fd380bfbb741a8e7ac5d340becc) Importer(815301076,1909f56bfc062723c751e8b465ee728b)  -> (artifact id: '6fd12d38b6b92613874bc1ffb6ddc52c') in 0.054854 seconds
Number of updated asset objects reloaded before import = 0
Number of asset objects unloaded after import = 17
========================================================================
Received Import Request.
  Time since last request: 0.000039 seconds.
  path: Assets/DownloadedAssets/SKY city lite/Props/grass_planter.FBX
  artifactKey: Guid(f8f4fe0b73a7b734caa9521c697b296c) Importer(815301076,1909f56bfc062723c751e8b465ee728b)
Start importing Assets/DownloadedAssets/SKY city lite/Props/grass_planter.FBX using Guid(f8f4fe0b73a7b734caa9521c697b296c) Importer(815301076,1909f56bfc062723c751e8b465ee728b)  -> (artifact id: 'ffcea61d5cf9f7c9dc5fe7e83bf44b7d') in 0.046498 seconds
Number of updated asset objects reloaded before import = 0
Number of asset objects unloaded after import = 19
Editor requested this worker to shutdown with reason: Scaling down because of idle timeout
TcpMessagingSession - receive error: operation aborted. errorcode: 995, details: The I/O operation has been aborted because of either a thread exit or an application request.
AssetImportWorker is now disconnected from the server
Process exiting
Exiting without the bug reporter. Application will terminate with return code 0